0 info it worked if it ends with ok
1 verbose cli [ '/usr/local/n/versions/node/6.6.0/bin/node',
1 verbose cli   '/usr/local/bin/npm',
1 verbose cli   'run',
1 verbose cli   'electron-packager',
1 verbose cli   '.',
1 verbose cli   'dist',
1 verbose cli   '--platform=win32',
1 verbose cli   '--arch=x64' ]
2 info using npm@3.8.6
3 info using node@v5.12.0
4 verbose stack Error: missing script: electron-packager
4 verbose stack     at run (/usr/local/lib/node_modules/npm/lib/run-script.js:147:19)
4 verbose stack     at /usr/local/lib/node_modules/npm/lib/run-script.js:57:5
4 verbose stack     at /usr/local/lib/node_modules/npm/node_modules/read-package-json/read-json.js:345:5
4 verbose stack     at checkBinReferences_ (/usr/local/lib/node_modules/npm/node_modules/read-package-json/read-json.js:309:45)
4 verbose stack     at final (/usr/local/lib/node_modules/npm/node_modules/read-package-json/read-json.js:343:3)
4 verbose stack     at then (/usr/local/lib/node_modules/npm/node_modules/read-package-json/read-json.js:113:5)
4 verbose stack     at /usr/local/lib/node_modules/npm/node_modules/read-package-json/read-json.js:300:12
4 verbose stack     at /usr/local/lib/node_modules/npm/node_modules/graceful-fs/graceful-fs.js:78:16
4 verbose stack     at tryToString (fs.js:414:3)
4 verbose stack     at FSReqWrap.readFileAfterClose [as oncomplete] (fs.js:401:12)
5 verbose cwd /home/cameron/workspace/mrafrontend/app
6 error Linux 4.4.0-42-generic
7 error argv "/usr/local/n/versions/node/6.6.0/bin/node" "/usr/local/bin/npm" "run" "electron-packager" "." "dist" "--platform=win32" "--arch=x64"
8 error node v5.12.0
9 error npm  v3.8.6
10 error missing script: electron-packager
11 error If you need help, you may report this error at:
11 error     <https://github.com/npm/npm/issues>
12 verbose exit [ 1, true ]
